STEP to UG
! INFO-     NX STEP AP203 - V12.0
! INFO-      
! INFO-     Start of Translation: 14-MAR-2020  9:08:56 PM
! INFO-      
! STATUS-   Converting Part: C:\Users\Samsung\Desktop\37d-gearmotor-100-131-150-encoder.step
! SUMMARY-   
! SUMMARY-    STEP Header Information
! SUMMARY-   
! SUMMARY-  Description      STEP AP214
! SUMMARY-  Imp_Level        1
! SUMMARY-  File_Name        37d-gearmotor-100-131-150-encoder.step
! SUMMARY-  Date             2019-12-17T02:33:06
! SUMMARY-  Author           Unknown
! SUMMARY-  Organization     Unknown
! SUMMARY-  Pre_Version      SwSTEP 2.0
! SUMMARY-  Orig_System      SolidWorks 2016
! SUMMARY-  Authorization    Unknown
! SUMMARY-  Schema_ID        automotive_design
! SUMMARY-   
! SUMMARY-    Summary of STEP Entities
! SUMMARY-   
! SUMMARY-  Entity Type                                                   Count
! SUMMARY-  -----------                                                   ------
! SUMMARY-  advanced_face ..............................................:    649
! SUMMARY-  application_context ........................................:      2
! SUMMARY-  axis2_placement_3d .........................................:    911
! SUMMARY-  b_spline_curve_with_knots ..................................:    421
! SUMMARY-  b_spline_surface_with_knots ................................:    123
! SUMMARY-  b_spline_surface_with_knots_and_rational_b_spline_surface ..:      2
! SUMMARY-  cartesian_point ............................................:  14659
! SUMMARY-  circle .....................................................:    386
! SUMMARY-  closed_shell ...............................................:      1
! SUMMARY-  conical_surface ............................................:      6
! SUMMARY-  cylindrical_surface ........................................:    130
! SUMMARY-  direction ..................................................:   2684
! SUMMARY-  edge_curve .................................................:   1669
! SUMMARY-  edge_loop ..................................................:    731
! SUMMARY-  face_bound .................................................:     82
! SUMMARY-  face_outer_bound ...........................................:    649
! SUMMARY-  geometric_representation_context_and_global_uncertainty_a ..:    640
! SUMMARY-  length_unit_and_si_unit ....................................:    640
! SUMMARY-  line .......................................................:    862
! SUMMARY-  manifold_solid_brep ........................................:      1
! SUMMARY-  oriented_edge ..............................................:   3338
! SUMMARY-  plane ......................................................:    386
! SUMMARY-  plane_angle_unit_and_si_unit ...............................:    640
! SUMMARY-  product ....................................................:      1
! SUMMARY-  product_context ............................................:      1
! SUMMARY-  product_definition .........................................:      1
! SUMMARY-  product_definition_context .................................:      1
! SUMMARY-  product_definition_formation_with_specified_source .........:      1
! SUMMARY-  product_definition_shape ...................................:      1
! SUMMARY-  product_related_product_category ...........................:      1
! SUMMARY-  si_unit_and_solid_angle_unit ...............................:    640
! SUMMARY-  toroidal_surface ...........................................:      2
! SUMMARY-  uncertainty_measure_with_unit ..............................:    640
! SUMMARY-  vector .....................................................:    862
! SUMMARY-  vertex_point ...............................................:   1078
! SUMMARY-                                                               -------
! SUMMARY-  Total                                                          32841
! STATUS-    
! STATUS-   Converting to Output Form (Phase 2 of 3): 14-MAR-2020 9:08:57 PM
! STATUS-    
! STATUS-    
! STATUS-   Generating UG geometry and placing them in parts
! STATUS-    
! STATUS-   Creating the UG part (Phase 3 of 3): 14-MAR-2020  9:08:57 PM
! STATUS-    
! STATUS-   Creating UG solid body from Input Ent Id 36395
! STATUS-    
! STATUS-   fixing vertex and/or edge off surface faults
! STATUS-    
! STATUS-   simplifying Bsplines to analytics
! STATUS-    
! STATUS-   converting tolerant edges into exact edges
! STATUS-    
! STATUS-   doing final check of body to report any faults
! STATUS-    
! INFO-     Filing Part ..: D:\Ders\462\Project\saymyname\concept_design\2020-03-14-Motor\37d-gearmotor-100-131-150-encoder.prt
! SUMMARY-   
! SUMMARY-  Summary of Unigraphics Part Entities
! SUMMARY-   
! SUMMARY-  Entities Processed             Count
! SUMMARY-  ------------------             -----
! SUMMARY-  Solid .......................:     1
! SUMMARY-                                 -----
! SUMMARY-  Total                              1
! INFO-      
! INFO-     Total number of solids input for this translation       :         1
! INFO-      
! INFO-     Number of solids created without body validation faults :         1
! INFO-      
! INFO-     Number of solids created with body validation fault(s)  :         0
! INFO-      
! INFO-     Number of solids ending up as sheet bodies              :         0
! INFO-      
! INFO-     End of Translation: 14-MAR-2020  9:09:06 PM
! INFO-      
